<?xml version="1.0" encoding="UTF-8"?>
<!-- Generated by org.testng.reporters.JUnitReportReporter -->
<testsuite hostname="Pratiksha" failures="0" tests="1" name="Testcase.Testcases" time="14.887" errors="0" timestamp="2023-05-30T16:57:56 GMT-04:00" skipped="0">
  <testcase classname="Testcase.Testcases" name="Addnewuser" time="14.887"/>
  <system-out/>
</testsuite> <!-- Testcase.Testcases -->
